2016/09/19 12:42:46 [error] [php] Undefined offset: 34 (/home/flashto1/sites/4ko.ru/protected/controllers/TestController.php:34)
Stack trace:
#0 /home/flashto1/sites/4ko.ru/framework/web/CController.php(286): TestController->runAction()
#1 /home/flashto1/sites/4ko.ru/framework/web/CController.php(265): TestController->runActionWithFilters()
#2 /home/flashto1/sites/4ko.ru/framework/web/CWebApplication.php(282): TestController->run()
#3 /home/flashto1/sites/4ko.ru/framework/web/CWebApplication.php(141): CWebApplication->runController()
#4 /home/flashto1/sites/4ko.ru/framework/base/CApplication.php(185): CWebApplication->processRequest()
#5 /home/flashto1/sites/4ko.ru/index.php(12): CWebApplication->run()
REQUEST_URI=/index.php?r=test/index
in /home/flashto1/sites/4ko.ru/protected/controllers/TestController.php (34)
in /home/flashto1/sites/4ko.ru/index.php (12)
2016/09/19 12:43:25 [error] [php] Undefined offset: 34 (/home/flashto1/sites/4ko.ru/protected/controllers/TestController.php:34)
Stack trace:
#0 /home/flashto1/sites/4ko.ru/framework/web/CController.php(286): TestController->runAction()
#1 /home/flashto1/sites/4ko.ru/framework/web/CController.php(265): TestController->runActionWithFilters()
#2 /home/flashto1/sites/4ko.ru/framework/web/CWebApplication.php(282): TestController->run()
#3 /home/flashto1/sites/4ko.ru/framework/web/CWebApplication.php(141): CWebApplication->runController()
#4 /home/flashto1/sites/4ko.ru/framework/base/CApplication.php(185): CWebApplication->processRequest()
#5 /home/flashto1/sites/4ko.ru/index.php(12): CWebApplication->run()
REQUEST_URI=/index.php?r=test/index
in /home/flashto1/sites/4ko.ru/protected/controllers/TestController.php (34)
in /home/flashto1/sites/4ko.ru/index.php (12)
2016/09/19 13:03:15 [error] [php] Undefined variable: __GET (/home/flashto1/sites/4ko.ru/protected/controllers/TestController.php:40)
Stack trace:
#0 /home/flashto1/sites/4ko.ru/framework/web/CController.php(286): TestController->runAction()
#1 /home/flashto1/sites/4ko.ru/framework/web/CController.php(265): TestController->runActionWithFilters()
#2 /home/flashto1/sites/4ko.ru/framework/web/CWebApplication.php(282): TestController->run()
#3 /home/flashto1/sites/4ko.ru/framework/web/CWebApplication.php(141): CWebApplication->runController()
#4 /home/flashto1/sites/4ko.ru/framework/base/CApplication.php(185): CWebApplication->processRequest()
#5 /home/flashto1/sites/4ko.ru/index.php(12): CWebApplication->run()
REQUEST_URI=/index.php?r=test/index
in /home/flashto1/sites/4ko.ru/protected/controllers/TestController.php (40)
in /home/flashto1/sites/4ko.ru/index.php (12)
2016/09/19 13:03:51 [error] [php] Undefined index: name (/home/flashto1/sites/4ko.ru/protected/controllers/TestController.php:40)
Stack trace:
#0 /home/flashto1/sites/4ko.ru/framework/web/CController.php(286): TestController->runAction()
#1 /home/flashto1/sites/4ko.ru/framework/web/CController.php(265): TestController->runActionWithFilters()
#2 /home/flashto1/sites/4ko.ru/framework/web/CWebApplication.php(282): TestController->run()
#3 /home/flashto1/sites/4ko.ru/framework/web/CWebApplication.php(141): CWebApplication->runController()
#4 /home/flashto1/sites/4ko.ru/framework/base/CApplication.php(185): CWebApplication->processRequest()
#5 /home/flashto1/sites/4ko.ru/index.php(12): CWebApplication->run()
REQUEST_URI=/index.php?r=test/index
in /home/flashto1/sites/4ko.ru/protected/controllers/TestController.php (40)
in /home/flashto1/sites/4ko.ru/index.php (12)
2016/09/19 13:18:55 [error] [php] Indirect modification of overloaded element of CHttpSession has no effect (/home/flashto1/sites/4ko.ru/protected/controllers/TestController.php:60)
Stack trace:
#0 /home/flashto1/sites/4ko.ru/framework/web/CController.php(286): TestController->runAction()
#1 /home/flashto1/sites/4ko.ru/framework/web/CController.php(265): TestController->runActionWithFilters()
#2 /home/flashto1/sites/4ko.ru/framework/web/CWebApplication.php(282): TestController->run()
#3 /home/flashto1/sites/4ko.ru/framework/web/CWebApplication.php(141): CWebApplication->runController()
#4 /home/flashto1/sites/4ko.ru/framework/base/CApplication.php(185): CWebApplication->processRequest()
#5 /home/flashto1/sites/4ko.ru/index.php(12): CWebApplication->run()
REQUEST_URI=/index.php?r=test/equals&word1=te&word2=ae
in /home/flashto1/sites/4ko.ru/protected/controllers/TestController.php (60)
in /home/flashto1/sites/4ko.ru/index.php (12)
2016/09/19 13:20:54 [error] [php] Indirect modification of overloaded element of CHttpSession has no effect (/home/flashto1/sites/4ko.ru/protected/controllers/TestController.php:60)
Stack trace:
#0 /home/flashto1/sites/4ko.ru/framework/web/CController.php(286): TestController->runAction()
#1 /home/flashto1/sites/4ko.ru/framework/web/CController.php(265): TestController->runActionWithFilters()
#2 /home/flashto1/sites/4ko.ru/framework/web/CWebApplication.php(282): TestController->run()
#3 /home/flashto1/sites/4ko.ru/framework/web/CWebApplication.php(141): CWebApplication->runController()
#4 /home/flashto1/sites/4ko.ru/framework/base/CApplication.php(185): CWebApplication->processRequest()
#5 /home/flashto1/sites/4ko.ru/index.php(12): CWebApplication->run()
REQUEST_URI=/index.php?r=test/equals&word1=te&word2=ae
in /home/flashto1/sites/4ko.ru/protected/controllers/TestController.php (60)
in /home/flashto1/sites/4ko.ru/index.php (12)
2016/09/19 13:20:57 [error] [php] Indirect modification of overloaded element of CHttpSession has no effect (/home/flashto1/sites/4ko.ru/protected/controllers/TestController.php:60)
Stack trace:
#0 /home/flashto1/sites/4ko.ru/framework/web/CController.php(286): TestController->runAction()
#1 /home/flashto1/sites/4ko.ru/framework/web/CController.php(265): TestController->runActionWithFilters()
#2 /home/flashto1/sites/4ko.ru/framework/web/CWebApplication.php(282): TestController->run()
#3 /home/flashto1/sites/4ko.ru/framework/web/CWebApplication.php(141): CWebApplication->runController()
#4 /home/flashto1/sites/4ko.ru/framework/base/CApplication.php(185): CWebApplication->processRequest()
#5 /home/flashto1/sites/4ko.ru/index.php(12): CWebApplication->run()
REQUEST_URI=/index.php?r=test/equals&word1=te&word2=ae
in /home/flashto1/sites/4ko.ru/protected/controllers/TestController.php (60)
in /home/flashto1/sites/4ko.ru/index.php (12)
2016/09/19 13:21:19 [error] [php] Indirect modification of overloaded element of CHttpSession has no effect (/home/flashto1/sites/4ko.ru/protected/controllers/TestController.php:61)
Stack trace:
#0 /home/flashto1/sites/4ko.ru/framework/web/CController.php(286): TestController->runAction()
#1 /home/flashto1/sites/4ko.ru/framework/web/CController.php(265): TestController->runActionWithFilters()
#2 /home/flashto1/sites/4ko.ru/framework/web/CWebApplication.php(282): TestController->run()
#3 /home/flashto1/sites/4ko.ru/framework/web/CWebApplication.php(141): CWebApplication->runController()
#4 /home/flashto1/sites/4ko.ru/framework/base/CApplication.php(185): CWebApplication->processRequest()
#5 /home/flashto1/sites/4ko.ru/index.php(12): CWebApplication->run()
REQUEST_URI=/index.php?r=test/equals&word1=te&word2=ae
in /home/flashto1/sites/4ko.ru/protected/controllers/TestController.php (61)
in /home/flashto1/sites/4ko.ru/index.php (12)
2016/09/19 14:33:48 [error] [php] Undefined index: яблоко (/home/flashto1/sites/4ko.ru/protected/controllers/TestController.php:57)
Stack trace:
#0 /home/flashto1/sites/4ko.ru/framework/web/CController.php(286): TestController->runAction()
#1 /home/flashto1/sites/4ko.ru/framework/web/CController.php(265): TestController->runActionWithFilters()
#2 /home/flashto1/sites/4ko.ru/framework/web/CWebApplication.php(282): TestController->run()
#3 /home/flashto1/sites/4ko.ru/framework/web/CWebApplication.php(141): CWebApplication->runController()
#4 /home/flashto1/sites/4ko.ru/framework/base/CApplication.php(185): CWebApplication->processRequest()
#5 /home/flashto1/sites/4ko.ru/index.php(12): CWebApplication->run()
REQUEST_URI=/index.php?r=test/Equals&word1=%D1%8F%D0%B1%D0%BB%D0%BE%D0%BA%D0%BE&word2=%D1%8F%D0%B1%D0%BB%D0%BE%D0%BA%D0%BE
in /home/flashto1/sites/4ko.ru/protected/controllers/TestController.php (57)
in /home/flashto1/sites/4ko.ru/index.php (12)
2016/09/19 14:56:02 [error] [php] Undefined offset: 26 (/home/flashto1/sites/4ko.ru/protected/controllers/TestController.php:45)
Stack trace:
#0 /home/flashto1/sites/4ko.ru/framework/web/CController.php(286): TestController->runAction()
#1 /home/flashto1/sites/4ko.ru/framework/web/CController.php(265): TestController->runActionWithFilters()
#2 /home/flashto1/sites/4ko.ru/framework/web/CWebApplication.php(282): TestController->run()
#3 /home/flashto1/sites/4ko.ru/framework/web/CWebApplication.php(141): CWebApplication->runController()
#4 /home/flashto1/sites/4ko.ru/framework/base/CApplication.php(185): CWebApplication->processRequest()
#5 /home/flashto1/sites/4ko.ru/index.php(12): CWebApplication->run()
REQUEST_URI=/index.php?r=test/index&name=default
in /home/flashto1/sites/4ko.ru/protected/controllers/TestController.php (45)
in /home/flashto1/sites/4ko.ru/index.php (12)
2016/09/19 14:56:38 [error] [php] Undefined offset: 0 (/home/flashto1/sites/4ko.ru/protected/controllers/TestController.php:45)
Stack trace:
#0 /home/flashto1/sites/4ko.ru/framework/web/CController.php(286): TestController->runAction()
#1 /home/flashto1/sites/4ko.ru/framework/web/CController.php(265): TestController->runActionWithFilters()
#2 /home/flashto1/sites/4ko.ru/framework/web/CWebApplication.php(282): TestController->run()
#3 /home/flashto1/sites/4ko.ru/framework/web/CWebApplication.php(141): CWebApplication->runController()
#4 /home/flashto1/sites/4ko.ru/framework/base/CApplication.php(185): CWebApplication->processRequest()
#5 /home/flashto1/sites/4ko.ru/index.php(12): CWebApplication->run()
REQUEST_URI=/index.php?r=test/index&name=default
in /home/flashto1/sites/4ko.ru/protected/controllers/TestController.php (45)
in /home/flashto1/sites/4ko.ru/index.php (12)
2016/09/19 14:56:41 [error] [php] Undefined offset: 12 (/home/flashto1/sites/4ko.ru/protected/controllers/TestController.php:45)
Stack trace:
#0 /home/flashto1/sites/4ko.ru/framework/web/CController.php(286): TestController->runAction()
#1 /home/flashto1/sites/4ko.ru/framework/web/CController.php(265): TestController->runActionWithFilters()
#2 /home/flashto1/sites/4ko.ru/framework/web/CWebApplication.php(282): TestController->run()
#3 /home/flashto1/sites/4ko.ru/framework/web/CWebApplication.php(141): CWebApplication->runController()
#4 /home/flashto1/sites/4ko.ru/framework/base/CApplication.php(185): CWebApplication->processRequest()
#5 /home/flashto1/sites/4ko.ru/index.php(12): CWebApplication->run()
REQUEST_URI=/index.php?r=test/index&name=default
in /home/flashto1/sites/4ko.ru/protected/controllers/TestController.php (45)
in /home/flashto1/sites/4ko.ru/index.php (12)
2016/09/19 14:56:52 [error] [php] Undefined offset: 2 (/home/flashto1/sites/4ko.ru/protected/controllers/TestController.php:45)
Stack trace:
#0 /home/flashto1/sites/4ko.ru/framework/web/CController.php(286): TestController->runAction()
#1 /home/flashto1/sites/4ko.ru/framework/web/CController.php(265): TestController->runActionWithFilters()
#2 /home/flashto1/sites/4ko.ru/framework/web/CWebApplication.php(282): TestController->run()
#3 /home/flashto1/sites/4ko.ru/framework/web/CWebApplication.php(141): CWebApplication->runController()
#4 /home/flashto1/sites/4ko.ru/framework/base/CApplication.php(185): CWebApplication->processRequest()
#5 /home/flashto1/sites/4ko.ru/index.php(12): CWebApplication->run()
REQUEST_URI=/index.php?r=test/index&name=default
in /home/flashto1/sites/4ko.ru/protected/controllers/TestController.php (45)
in /home/flashto1/sites/4ko.ru/index.php (12)
2016/09/19 14:56:54 [error] [php] Undefined offset: 19 (/home/flashto1/sites/4ko.ru/protected/controllers/TestController.php:45)
Stack trace:
#0 /home/flashto1/sites/4ko.ru/framework/web/CController.php(286): TestController->runAction()
#1 /home/flashto1/sites/4ko.ru/framework/web/CController.php(265): TestController->runActionWithFilters()
#2 /home/flashto1/sites/4ko.ru/framework/web/CWebApplication.php(282): TestController->run()
#3 /home/flashto1/sites/4ko.ru/framework/web/CWebApplication.php(141): CWebApplication->runController()
#4 /home/flashto1/sites/4ko.ru/framework/base/CApplication.php(185): CWebApplication->processRequest()
#5 /home/flashto1/sites/4ko.ru/index.php(12): CWebApplication->run()
REQUEST_URI=/index.php?r=test/index&name=default
in /home/flashto1/sites/4ko.ru/protected/controllers/TestController.php (45)
in /home/flashto1/sites/4ko.ru/index.php (12)
2016/09/19 14:57:21 [error] [php] Undefined offset: 11 (/home/flashto1/sites/4ko.ru/protected/controllers/TestController.php:45)
Stack trace:
#0 /home/flashto1/sites/4ko.ru/framework/web/CController.php(286): TestController->runAction()
#1 /home/flashto1/sites/4ko.ru/framework/web/CController.php(265): TestController->runActionWithFilters()
#2 /home/flashto1/sites/4ko.ru/framework/web/CWebApplication.php(282): TestController->run()
#3 /home/flashto1/sites/4ko.ru/framework/web/CWebApplication.php(141): CWebApplication->runController()
#4 /home/flashto1/sites/4ko.ru/framework/base/CApplication.php(185): CWebApplication->processRequest()
#5 /home/flashto1/sites/4ko.ru/index.php(12): CWebApplication->run()
REQUEST_URI=/index.php?r=test/index&name=default
in /home/flashto1/sites/4ko.ru/protected/controllers/TestController.php (45)
in /home/flashto1/sites/4ko.ru/index.php (12)
2016/09/19 14:59:12 [error] [php] Undefined offset: 0 (/home/flashto1/sites/4ko.ru/protected/controllers/TestController.php:46)
Stack trace:
#0 /home/flashto1/sites/4ko.ru/framework/web/CController.php(286): TestController->runAction()
#1 /home/flashto1/sites/4ko.ru/framework/web/CController.php(265): TestController->runActionWithFilters()
#2 /home/flashto1/sites/4ko.ru/framework/web/CWebApplication.php(282): TestController->run()
#3 /home/flashto1/sites/4ko.ru/framework/web/CWebApplication.php(141): CWebApplication->runController()
#4 /home/flashto1/sites/4ko.ru/framework/base/CApplication.php(185): CWebApplication->processRequest()
#5 /home/flashto1/sites/4ko.ru/index.php(12): CWebApplication->run()
REQUEST_URI=/index.php?r=test/index&name=default
in /home/flashto1/sites/4ko.ru/protected/controllers/TestController.php (46)
in /home/flashto1/sites/4ko.ru/index.php (12)
2016/09/19 14:59:41 [error] [php] Undefined offset: 4 (/home/flashto1/sites/4ko.ru/protected/controllers/TestController.php:46)
Stack trace:
#0 /home/flashto1/sites/4ko.ru/framework/web/CController.php(286): TestController->runAction()
#1 /home/flashto1/sites/4ko.ru/framework/web/CController.php(265): TestController->runActionWithFilters()
#2 /home/flashto1/sites/4ko.ru/framework/web/CWebApplication.php(282): TestController->run()
#3 /home/flashto1/sites/4ko.ru/framework/web/CWebApplication.php(141): CWebApplication->runController()
#4 /home/flashto1/sites/4ko.ru/framework/base/CApplication.php(185): CWebApplication->processRequest()
#5 /home/flashto1/sites/4ko.ru/index.php(12): CWebApplication->run()
REQUEST_URI=/index.php?r=test/index&name=default
in /home/flashto1/sites/4ko.ru/protected/controllers/TestController.php (46)
in /home/flashto1/sites/4ko.ru/index.php (12)
2016/09/19 14:59:42 [error] [php] Undefined offset: 1 (/home/flashto1/sites/4ko.ru/protected/controllers/TestController.php:46)
Stack trace:
#0 /home/flashto1/sites/4ko.ru/framework/web/CController.php(286): TestController->runAction()
#1 /home/flashto1/sites/4ko.ru/framework/web/CController.php(265): TestController->runActionWithFilters()
#2 /home/flashto1/sites/4ko.ru/framework/web/CWebApplication.php(282): TestController->run()
#3 /home/flashto1/sites/4ko.ru/framework/web/CWebApplication.php(141): CWebApplication->runController()
#4 /home/flashto1/sites/4ko.ru/framework/base/CApplication.php(185): CWebApplication->processRequest()
#5 /home/flashto1/sites/4ko.ru/index.php(12): CWebApplication->run()
REQUEST_URI=/index.php?r=test/index&name=default
in /home/flashto1/sites/4ko.ru/protected/controllers/TestController.php (46)
in /home/flashto1/sites/4ko.ru/index.php (12)
2016/09/19 14:59:43 [error] [php] Undefined offset: 16 (/home/flashto1/sites/4ko.ru/protected/controllers/TestController.php:46)
Stack trace:
#0 /home/flashto1/sites/4ko.ru/framework/web/CController.php(286): TestController->runAction()
#1 /home/flashto1/sites/4ko.ru/framework/web/CController.php(265): TestController->runActionWithFilters()
#2 /home/flashto1/sites/4ko.ru/framework/web/CWebApplication.php(282): TestController->run()
#3 /home/flashto1/sites/4ko.ru/framework/web/CWebApplication.php(141): CWebApplication->runController()
#4 /home/flashto1/sites/4ko.ru/framework/base/CApplication.php(185): CWebApplication->processRequest()
#5 /home/flashto1/sites/4ko.ru/index.php(12): CWebApplication->run()
REQUEST_URI=/index.php?r=test/index&name=default
in /home/flashto1/sites/4ko.ru/protected/controllers/TestController.php (46)
in /home/flashto1/sites/4ko.ru/index.php (12)
2016/09/19 15:04:59 [error] [php] Undefined offset: 13 (/home/flashto1/sites/4ko.ru/protected/controllers/TestController.php:46)
Stack trace:
#0 /home/flashto1/sites/4ko.ru/framework/web/CController.php(286): TestController->runAction()
#1 /home/flashto1/sites/4ko.ru/framework/web/CController.php(265): TestController->runActionWithFilters()
#2 /home/flashto1/sites/4ko.ru/framework/web/CWebApplication.php(282): TestController->run()
#3 /home/flashto1/sites/4ko.ru/framework/web/CWebApplication.php(141): CWebApplication->runController()
#4 /home/flashto1/sites/4ko.ru/framework/base/CApplication.php(185): CWebApplication->processRequest()
#5 /home/flashto1/sites/4ko.ru/index.php(12): CWebApplication->run()
REQUEST_URI=/index.php?r=test/index&name=default
in /home/flashto1/sites/4ko.ru/protected/controllers/TestController.php (46)
in /home/flashto1/sites/4ko.ru/index.php (12)
2016/09/19 15:05:36 [error] [php] Undefined offset: 22 (/home/flashto1/sites/4ko.ru/protected/controllers/TestController.php:46)
Stack trace:
#0 /home/flashto1/sites/4ko.ru/framework/web/CController.php(286): TestController->runAction()
#1 /home/flashto1/sites/4ko.ru/framework/web/CController.php(265): TestController->runActionWithFilters()
#2 /home/flashto1/sites/4ko.ru/framework/web/CWebApplication.php(282): TestController->run()
#3 /home/flashto1/sites/4ko.ru/framework/web/CWebApplication.php(141): CWebApplication->runController()
#4 /home/flashto1/sites/4ko.ru/framework/base/CApplication.php(185): CWebApplication->processRequest()
#5 /home/flashto1/sites/4ko.ru/index.php(12): CWebApplication->run()
REQUEST_URI=/index.php?r=test/index&name=default
in /home/flashto1/sites/4ko.ru/protected/controllers/TestController.php (46)
in /home/flashto1/sites/4ko.ru/index.php (12)
2016/09/19 15:05:58 [error] [php] Undefined offset: 3 (/home/flashto1/sites/4ko.ru/protected/controllers/TestController.php:46)
Stack trace:
#0 /home/flashto1/sites/4ko.ru/framework/web/CController.php(286): TestController->runAction()
#1 /home/flashto1/sites/4ko.ru/framework/web/CController.php(265): TestController->runActionWithFilters()
#2 /home/flashto1/sites/4ko.ru/framework/web/CWebApplication.php(282): TestController->run()
#3 /home/flashto1/sites/4ko.ru/framework/web/CWebApplication.php(141): CWebApplication->runController()
#4 /home/flashto1/sites/4ko.ru/framework/base/CApplication.php(185): CWebApplication->processRequest()
#5 /home/flashto1/sites/4ko.ru/index.php(12): CWebApplication->run()
REQUEST_URI=/index.php?r=test/index&name=default
in /home/flashto1/sites/4ko.ru/protected/controllers/TestController.php (46)
in /home/flashto1/sites/4ko.ru/index.php (12)
2016/09/19 15:05:59 [error] [php] Undefined offset: 1 (/home/flashto1/sites/4ko.ru/protected/controllers/TestController.php:46)
Stack trace:
#0 /home/flashto1/sites/4ko.ru/framework/web/CController.php(286): TestController->runAction()
#1 /home/flashto1/sites/4ko.ru/framework/web/CController.php(265): TestController->runActionWithFilters()
#2 /home/flashto1/sites/4ko.ru/framework/web/CWebApplication.php(282): TestController->run()
#3 /home/flashto1/sites/4ko.ru/framework/web/CWebApplication.php(141): CWebApplication->runController()
#4 /home/flashto1/sites/4ko.ru/framework/base/CApplication.php(185): CWebApplication->processRequest()
#5 /home/flashto1/sites/4ko.ru/index.php(12): CWebApplication->run()
REQUEST_URI=/index.php?r=test/index&name=default
in /home/flashto1/sites/4ko.ru/protected/controllers/TestController.php (46)
in /home/flashto1/sites/4ko.ru/index.php (12)
2016/09/19 15:06:00 [error] [php] Undefined offset: 3 (/home/flashto1/sites/4ko.ru/protected/controllers/TestController.php:46)
Stack trace:
#0 /home/flashto1/sites/4ko.ru/framework/web/CController.php(286): TestController->runAction()
#1 /home/flashto1/sites/4ko.ru/framework/web/CController.php(265): TestController->runActionWithFilters()
#2 /home/flashto1/sites/4ko.ru/framework/web/CWebApplication.php(282): TestController->run()
#3 /home/flashto1/sites/4ko.ru/framework/web/CWebApplication.php(141): CWebApplication->runController()
#4 /home/flashto1/sites/4ko.ru/framework/base/CApplication.php(185): CWebApplication->processRequest()
#5 /home/flashto1/sites/4ko.ru/index.php(12): CWebApplication->run()
REQUEST_URI=/index.php?r=test/index&name=default
in /home/flashto1/sites/4ko.ru/protected/controllers/TestController.php (46)
in /home/flashto1/sites/4ko.ru/index.php (12)
2016/09/19 15:06:01 [error] [php] Undefined offset: 30 (/home/flashto1/sites/4ko.ru/protected/controllers/TestController.php:46)
Stack trace:
#0 /home/flashto1/sites/4ko.ru/framework/web/CController.php(286): TestController->runAction()
#1 /home/flashto1/sites/4ko.ru/framework/web/CController.php(265): TestController->runActionWithFilters()
#2 /home/flashto1/sites/4ko.ru/framework/web/CWebApplication.php(282): TestController->run()
#3 /home/flashto1/sites/4ko.ru/framework/web/CWebApplication.php(141): CWebApplication->runController()
#4 /home/flashto1/sites/4ko.ru/framework/base/CApplication.php(185): CWebApplication->processRequest()
#5 /home/flashto1/sites/4ko.ru/index.php(12): CWebApplication->run()
REQUEST_URI=/index.php?r=test/index&name=default
in /home/flashto1/sites/4ko.ru/protected/controllers/TestController.php (46)
in /home/flashto1/sites/4ko.ru/index.php (12)
2016/09/19 15:06:02 [error] [php] Undefined offset: 4 (/home/flashto1/sites/4ko.ru/protected/controllers/TestController.php:46)
Stack trace:
#0 /home/flashto1/sites/4ko.ru/framework/web/CController.php(286): TestController->runAction()
#1 /home/flashto1/sites/4ko.ru/framework/web/CController.php(265): TestController->runActionWithFilters()
#2 /home/flashto1/sites/4ko.ru/framework/web/CWebApplication.php(282): TestController->run()
#3 /home/flashto1/sites/4ko.ru/framework/web/CWebApplication.php(141): CWebApplication->runController()
#4 /home/flashto1/sites/4ko.ru/framework/base/CApplication.php(185): CWebApplication->processRequest()
#5 /home/flashto1/sites/4ko.ru/index.php(12): CWebApplication->run()
REQUEST_URI=/index.php?r=test/index&name=default
in /home/flashto1/sites/4ko.ru/protected/controllers/TestController.php (46)
in /home/flashto1/sites/4ko.ru/index.php (12)
2016/09/19 15:06:02 [error] [php] Undefined offset: 3 (/home/flashto1/sites/4ko.ru/protected/controllers/TestController.php:46)
Stack trace:
#0 /home/flashto1/sites/4ko.ru/framework/web/CController.php(286): TestController->runAction()
#1 /home/flashto1/sites/4ko.ru/framework/web/CController.php(265): TestController->runActionWithFilters()
#2 /home/flashto1/sites/4ko.ru/framework/web/CWebApplication.php(282): TestController->run()
#3 /home/flashto1/sites/4ko.ru/framework/web/CWebApplication.php(141): CWebApplication->runController()
#4 /home/flashto1/sites/4ko.ru/framework/base/CApplication.php(185): CWebApplication->processRequest()
#5 /home/flashto1/sites/4ko.ru/index.php(12): CWebApplication->run()
REQUEST_URI=/index.php?r=test/index&name=default
in /home/flashto1/sites/4ko.ru/protected/controllers/TestController.php (46)
in /home/flashto1/sites/4ko.ru/index.php (12)
2016/09/19 15:07:38 [error] [php] Undefined offset: 8 (/home/flashto1/sites/4ko.ru/protected/controllers/TestController.php:46)
Stack trace:
#0 /home/flashto1/sites/4ko.ru/framework/web/CController.php(286): TestController->runAction()
#1 /home/flashto1/sites/4ko.ru/framework/web/CController.php(265): TestController->runActionWithFilters()
#2 /home/flashto1/sites/4ko.ru/framework/web/CWebApplication.php(282): TestController->run()
#3 /home/flashto1/sites/4ko.ru/framework/web/CWebApplication.php(141): CWebApplication->runController()
#4 /home/flashto1/sites/4ko.ru/framework/base/CApplication.php(185): CWebApplication->processRequest()
#5 /home/flashto1/sites/4ko.ru/index.php(12): CWebApplication->run()
REQUEST_URI=/index.php?r=test/index&name=default
in /home/flashto1/sites/4ko.ru/protected/controllers/TestController.php (46)
in /home/flashto1/sites/4ko.ru/index.php (12)
